<?xml version="1.0" encoding="UTF-8"?>
<!-- Generated by org.testng.reporters.JUnitReportReporter -->
<testsuite hostname="DELL" failures="0" tests="2" name="ExcelDataProvider" time="16.795" errors="0" timestamp="2021-01-20T18:19:53 IST" skipped="0">
  <testcase classname="ExcelDataProvider" name="test1" time="6.842"/>
  <system-out/>
  <testcase classname="ExcelDataProvider" name="test1" time="9.953"/>
  <system-out/>
</testsuite> <!-- ExcelDataProvider -->
