<?xml version="1.0" encoding="UTF-8"?>
<!-- Generated by org.testng.reporters.JUnitReportReporter -->
<testsuite hostname="DELL" failures="0" tests="1" name="SampleClass2" time="29.244" errors="0" timestamp="2021-01-20T17:52:33 IST" skipped="0">
  <testcase classname="SampleClass2" name="test2" time="29.244"/>
  <system-out/>
</testsuite> <!-- SampleClass2 -->
